-------------------------------------------------------------------------------
Test set: com.mkyong.BookControllerTest
-------------------------------------------------------------------------------
Tests run: 1, Failures: 0, Errors: 1, Skipped: 0, Time elapsed: 0.002 s <<< FAILURE! - in com.mkyong.BookControllerTest
initializationError(com.mkyong.BookControllerTest)  Time elapsed: 0 s  <<< ERROR!
java.lang.Exception: No runnable methods

